<?xml version="1.0" encoding="UTF-8" ?>
<testsuite 
errors="0" failures="0" hostname="DESKTOP-M44J732" name="org.scalatest.junit.JUnitWrapperSuite" tests="0" time="0.071" timestamp="2022-11-01T17:46:22">
  <properties>
    <property name="java.runtime.name" value="Java(TM) SE Runtime Environment">
    </property>
    <property 
    name="sun.boot.library.path" value="C:\Program Files (x86)\Java\jdk1.8.0_341\jre\bin">
</property>
    <property name="java.vm.version" value="25.341-b10"/>
    <property name="java.vm.vendor" value="Oracle Corporation"/>
    <property name="java.vendor.url" value="http://java.oracle.com/"/>
    <property name="path.separator" value=";"/>
    <property name="java.vm.name" value="Java HotSpot(TM) Client VM"/>
    <property name="file.encoding.pkg" value="sun.io"/>
    <property name="user.script" value=""/>
    <property name="user.country" value="FR"/>
    <property name="sun.java.launcher" value="SUN_STANDARD"/>
    <property name="sun.os.patch.level" value=""/>
    <property 
    name="java.vm.specification.name" value="Java Virtual Machine Specification">
</property>
    <property name="user.dir" value="C:\Users\AZComputer\IdeaProjects\mariadb">
    </property>
    <property name="java.runtime.version" value="1.8.0_341-b10"/>
    <property 
    name="java.awt.graphicsenv" value="sun.awt.Win32GraphicsEnvironment">
</property>
    <property name="basedir" value="C:\Users\AZComputer\IdeaProjects\mariadb"/>
    <property 
    name="java.endorsed.dirs" value="C:\Program Files (x86)\Java\jdk1.8.0_341\jre\lib\endorsed">
</property>
    <property name="os.arch" value="x86"/>
    <property 
    name="java.io.tmpdir" value="C:\Users\AZCOMP~1\AppData\Local\Temp\">
</property>
    <property name="line.separator" value=" "/>
    <property name="java.vm.specification.vendor" value="Oracle Corporation"/>
    <property name="user.variant" value=""/>
    <property name="os.name" value="Windows 10"/>
    <property name="sun.jnu.encoding" value="Cp1252"/>
    <property 
    name="java.library.path" value="C:\Program Files (x86)\Java\jdk1.8.0_341\bin;C:\Windows\Sun\Java\bin;C:\Windows\system32;C:\Windows;C:\Program Files (x86)\Common Files\Oracle\Java\javapath;C:\Windows\system32;C:\Windows;C:\Windows\System32\Wbem;C:\Windows\System32\WindowsPowerShell\v1.0\;C:\Windows\System32\OpenSSH\;C:\Program Files\Git\cmd;C:\Users\AZComputer\AppData\Roaming\Microsoft\Windows\Start Menu\Programs\Visual Studio Code;C:\Users\AZComputer\AppData\Local\Android\Sdk;C:\flutter\bin;C:\Program Files\nodejs\;C:\Users\AZComputer\AppData\Local\Programs\Python\Python310\Scripts;C:\Program Files\jdk-11.0.1\bin;C:\Program Files (x86)\Java\jdk1.8.0_341;C:\Users\AZComputer\AppData\Local\Programs\Python\Python310\Scripts\;C:\Users\AZComputer\AppData\Local\Programs\Python\Python310\;C:\Users\AZComputer\AppData\Local\Microsoft\WindowsApps;C:\Users\AZComputer\AppData\Local\Programs\Microsoft VS Code\bin;C:\flutter\bin;C:\Users\AZComputer\AppData\Roaming\npm;C:\Users\AZComputer\AppData\Local\Programs\Python\Python310\Scripts;;C:\Program Files\JetBrains\IntelliJ IDEA Community Edition 2022.2.2\bin;;.">
</property>
    <property 
    name="java.specification.name" value="Java Platform API Specification">
</property>
    <property name="java.class.version" value="52.0"/>
    <property name="sun.management.compiler" value="HotSpot Client Compiler"/>
    <property name="os.version" value="10.0"/>
    <property name="user.home" value="C:\Users\AZComputer"/>
    <property name="user.timezone" value=""/>
    <property name="java.awt.printerjob" value="sun.awt.windows.WPrinterJob"/>
    <property name="file.encoding" value="Cp1252"/>
    <property name="java.specification.version" value="1.8"/>
    <property name="user.name" value="AZComputer"/>
    <property 
    name="java.class.path" value="C:\Users\AZComputer\IdeaProjects\mariadb\target\test-classes;C:\Users\AZComputer\IdeaProjects\mariadb\target\classes;C:\Users\AZComputer\.m2\repository\org\scala-lang\scala-library\2.12.6\scala-library-2.12.6.jar;C:\Users\AZComputer\.m2\repository\org\mariadb\jdbc\mariadb-java-client\3.0.8\mariadb-java-client-3.0.8.jar;C:\Users\AZComputer\.m2\repository\junit\junit\4.12\junit-4.12.jar;C:\Users\AZComputer\.m2\repository\org\hamcrest\hamcrest-core\1.3\hamcrest-core-1.3.jar;C:\Users\AZComputer\.m2\repository\org\scalatest\scalatest_2.12\3.0.5\scalatest_2.12-3.0.5.jar;C:\Users\AZComputer\.m2\repository\org\scalactic\scalactic_2.12\3.0.5\scalactic_2.12-3.0.5.jar;C:\Users\AZComputer\.m2\repository\org\scala-lang\scala-reflect\2.12.4\scala-reflect-2.12.4.jar;C:\Users\AZComputer\.m2\repository\org\scala-lang\modules\scala-xml_2.12\1.0.6\scala-xml_2.12-1.0.6.jar;C:\Users\AZComputer\.m2\repository\org\specs2\specs2-core_2.12\4.2.0\specs2-core_2.12-4.2.0.jar;C:\Users\AZComputer\.m2\repository\org\specs2\specs2-matcher_2.12\4.2.0\specs2-matcher_2.12-4.2.0.jar;C:\Users\AZComputer\.m2\repository\org\specs2\specs2-common_2.12\4.2.0\specs2-common_2.12-4.2.0.jar;C:\Users\AZComputer\.m2\repository\org\specs2\specs2-fp_2.12\4.2.0\specs2-fp_2.12-4.2.0.jar;C:\Users\AZComputer\.m2\repository\org\scala-lang\modules\scala-parser-combinators_2.12\1.1.0\scala-parser-combinators_2.12-1.1.0.jar;C:\Users\AZComputer\.m2\repository\org\scala-sbt\test-interface\1.0\test-interface-1.0.jar;C:\Users\AZComputer\.m2\repository\org\specs2\specs2-junit_2.12\4.2.0\specs2-junit_2.12-4.2.0.jar">
</property>
    <property name="java.vm.specification.version" value="1.8"/>
    <property name="sun.arch.data.model" value="32"/>
    <property 
    name="java.home" value="C:\Program Files (x86)\Java\jdk1.8.0_341\jre">
</property>
    <property 
    name="sun.java.command" value="org.scalatest.tools.Runner -R C:\Users\AZComputer\IdeaProjects\mariadb\target\classes C:\Users\AZComputer\IdeaProjects\mariadb\target\test-classes -j samples.AppTest -o -f C:\Users\AZComputer\IdeaProjects\mariadb\target\surefire-reports\TestSuiteReport.txt -u C:\Users\AZComputer\IdeaProjects\mariadb\target\surefire-reports\.">
</property>
    <property name="java.specification.vendor" value="Oracle Corporation"/>
    <property name="user.language" value="fr"/>
    <property name="awt.toolkit" value="sun.awt.windows.WToolkit"/>
    <property name="java.vm.info" value="mixed mode"/>
    <property name="java.version" value="1.8.0_341"/>
    <property 
    name="java.ext.dirs" value="C:\Program Files (x86)\Java\jdk1.8.0_341\jre\lib\ext;C:\Windows\Sun\Java\lib\ext">
</property>
    <property 
    name="sun.boot.class.path" value="C:\Program Files (x86)\Java\jdk1.8.0_341\jre\lib\resources.jar;C:\Program Files (x86)\Java\jdk1.8.0_341\jre\lib\rt.jar;C:\Program Files (x86)\Java\jdk1.8.0_341\jre\lib\jsse.jar;C:\Program Files (x86)\Java\jdk1.8.0_341\jre\lib\jce.jar;C:\Program Files (x86)\Java\jdk1.8.0_341\jre\lib\charsets.jar;C:\Program Files (x86)\Java\jdk1.8.0_341\jre\lib\jfr.jar;C:\Program Files (x86)\Java\jdk1.8.0_341\jre\classes">
</property>
    <property name="java.vendor" value="Oracle Corporation"/>
    <property name="file.separator" value="\"/>
    <property 
    name="java.vendor.url.bug" value="http://bugreport.sun.com/bugreport/">
</property>
    <property name="sun.cpu.endian" value="little"/>
    <property name="sun.io.unicode.encoding" value="UnicodeLittle"/>
    <property name="sun.desktop" value="windows"/>
    <property 
    name="sun.cpu.isalist" value="pentium_pro+mmx pentium_pro pentium+mmx pentium i486 i386 i86">
</property>
  </properties>
  <system-out><![CDATA[]]></system-out>
  <system-err><![CDATA[]]></system-err>
</testsuite>
