<?xml version="1.0" encoding="UTF-8" ?>
<testsuite 
errors="0" failures="0" hostname="DESKTOP-M44J732" name="org.scalatest.junit.JUnitWrapperSuite" tests="0" time="0.078" timestamp="2022-11-03T13:10:55">
  <properties>
    <property name="java.runtime.name" value="Java(TM) SE Runtime Environment">
    </property>
    <property 
    name="sun.boot.library.path" value="C:\Program Files (x86)\Java\jdk1.8.0_341\jre\bin">
</property>
    <property name="java.vm.version" value="25.341-b10"/>
    <property name="java.vm.vendor" value="Oracle Corporation"/>
    <property name="java.vendor.url" value="http://java.oracle.com/"/>
    <property name="path.separator" value=";"/>
    <property name="java.vm.name" value="Java HotSpot(TM) Client VM"/>
    <property name="file.encoding.pkg" value="sun.io"/>
    <property name="user.script" value=""/>
    <property name="user.country" value="FR"/>
    <property name="sun.java.launcher" value="SUN_STANDARD"/>
    <property name="sun.os.patch.level" value=""/>
    <property 
    name="java.vm.specification.name" value="Java Virtual Machine Specification">
</property>
    <property name="user.dir" value="C:\Users\AZComputer\IdeaProjects\Hive"/>
    <property name="java.runtime.version" value="1.8.0_341-b10"/>
    <property 
    name="java.awt.graphicsenv" value="sun.awt.Win32GraphicsEnvironment">
</property>
    <property name="basedir" value="C:\Users\AZComputer\IdeaProjects\Hive"/>
    <property 
    name="java.endorsed.dirs" value="C:\Program Files (x86)\Java\jdk1.8.0_341\jre\lib\endorsed">
</property>
    <property name="os.arch" value="x86"/>
    <property 
    name="java.io.tmpdir" value="C:\Users\AZCOMP~1\AppData\Local\Temp\">
</property>
    <property name="line.separator" value=" "/>
    <property name="java.vm.specification.vendor" value="Oracle Corporation"/>
    <property name="user.variant" value=""/>
    <property name="os.name" value="Windows 10"/>
    <property name="sun.jnu.encoding" value="Cp1252"/>
    <property 
    name="java.library.path" value="C:\Program Files (x86)\Java\jdk1.8.0_341\bin;C:\Windows\Sun\Java\bin;C:\Windows\system32;C:\Windows;C:\Program Files (x86)\Common Files\Oracle\Java\javapath;C:\Windows\system32;C:\Windows;C:\Windows\System32\Wbem;C:\Windows\System32\WindowsPowerShell\v1.0\;C:\Windows\System32\OpenSSH\;C:\Program Files\Git\cmd;C:\Users\AZComputer\AppData\Roaming\Microsoft\Windows\Start Menu\Programs\Visual Studio Code;C:\Users\AZComputer\AppData\Local\Android\Sdk;C:\flutter\bin;C:\Program Files\nodejs\;C:\Users\AZComputer\AppData\Local\Programs\Python\Python310\Scripts;C:\Program Files\jdk-11.0.1\bin;C:\Program Files (x86)\Java\jdk1.8.0_341;C:\Users\AZComputer\AppData\Local\Programs\Python\Python310\Scripts\;C:\Users\AZComputer\AppData\Local\Programs\Python\Python310\;C:\Users\AZComputer\AppData\Local\Microsoft\WindowsApps;C:\Users\AZComputer\AppData\Local\Programs\Microsoft VS Code\bin;C:\flutter\bin;C:\Users\AZComputer\AppData\Roaming\npm;C:\Users\AZComputer\AppData\Local\Programs\Python\Python310\Scripts;;C:\Program Files\JetBrains\IntelliJ IDEA Community Edition 2022.2.2\bin;;.">
</property>
    <property 
    name="java.specification.name" value="Java Platform API Specification">
</property>
    <property name="java.class.version" value="52.0"/>
    <property name="sun.management.compiler" value="HotSpot Client Compiler"/>
    <property name="os.version" value="10.0"/>
    <property name="user.home" value="C:\Users\AZComputer"/>
    <property name="user.timezone" value=""/>
    <property name="java.awt.printerjob" value="sun.awt.windows.WPrinterJob"/>
    <property name="file.encoding" value="Cp1252"/>
    <property name="java.specification.version" value="1.8"/>
    <property name="user.name" value="AZComputer"/>
    <property 
    name="java.class.path" value="C:\Users\AZComputer\IdeaProjects\Hive\target\test-classes;C:\Users\AZComputer\IdeaProjects\Hive\target\classes;C:\Users\AZComputer\.m2\repository\org\scala-lang\scala-library\2.12.6\scala-library-2.12.6.jar;C:\Users\AZComputer\.m2\repository\org\apache\spark\spark-core_2.12\3.3.0\spark-core_2.12-3.3.0.jar;C:\Users\AZComputer\.m2\repository\org\apache\avro\avro\1.11.0\avro-1.11.0.jar;C:\Users\AZComputer\.m2\repository\com\fasterxml\jackson\core\jackson-core\2.12.5\jackson-core-2.12.5.jar;C:\Users\AZComputer\.m2\repository\org\apache\commons\commons-compress\1.21\commons-compress-1.21.jar;C:\Users\AZComputer\.m2\repository\org\apache\avro\avro-mapred\1.11.0\avro-mapred-1.11.0.jar;C:\Users\AZComputer\.m2\repository\org\apache\avro\avro-ipc\1.11.0\avro-ipc-1.11.0.jar;C:\Users\AZComputer\.m2\repository\org\tukaani\xz\1.9\xz-1.9.jar;C:\Users\AZComputer\.m2\repository\com\twitter\chill_2.12\0.10.0\chill_2.12-0.10.0.jar;C:\Users\AZComputer\.m2\repository\com\esotericsoftware\kryo-shaded\4.0.2\kryo-shaded-4.0.2.jar;C:\Users\AZComputer\.m2\repository\com\esotericsoftware\minlog\1.3.0\minlog-1.3.0.jar;C:\Users\AZComputer\.m2\repository\org\objenesis\objenesis\2.5.1\objenesis-2.5.1.jar;C:\Users\AZComputer\.m2\repository\com\twitter\chill-java\0.10.0\chill-java-0.10.0.jar;C:\Users\AZComputer\.m2\repository\org\apache\xbean\xbean-asm9-shaded\4.20\xbean-asm9-shaded-4.20.jar;C:\Users\AZComputer\.m2\repository\org\apache\hadoop\hadoop-client-api\3.3.2\hadoop-client-api-3.3.2.jar;C:\Users\AZComputer\.m2\repository\org\apache\hadoop\hadoop-client-runtime\3.3.2\hadoop-client-runtime-3.3.2.jar;C:\Users\AZComputer\.m2\repository\commons-logging\commons-logging\1.1.3\commons-logging-1.1.3.jar;C:\Users\AZComputer\.m2\repository\org\apache\spark\spark-launcher_2.12\3.3.0\spark-launcher_2.12-3.3.0.jar;C:\Users\AZComputer\.m2\repository\org\apache\spark\spark-kvstore_2.12\3.3.0\spark-kvstore_2.12-3.3.0.jar;C:\Users\AZComputer\.m2\repository\org\fusesource\leveldbjni\leveldbjni-all\1.8\leveldbjni-all-1.8.jar;C:\Users\AZComputer\.m2\repository\com\fasterxml\jackson\core\jackson-annotations\2.13.3\jackson-annotations-2.13.3.jar;C:\Users\AZComputer\.m2\repository\org\apache\spark\spark-network-common_2.12\3.3.0\spark-network-common_2.12-3.3.0.jar;C:\Users\AZComputer\.m2\repository\com\google\crypto\tink\tink\1.6.1\tink-1.6.1.jar;C:\Users\AZComputer\.m2\repository\com\google\code\gson\gson\2.8.6\gson-2.8.6.jar;C:\Users\AZComputer\.m2\repository\org\apache\spark\spark-network-shuffle_2.12\3.3.0\spark-network-shuffle_2.12-3.3.0.jar;C:\Users\AZComputer\.m2\repository\org\apache\spark\spark-unsafe_2.12\3.3.0\spark-unsafe_2.12-3.3.0.jar;C:\Users\AZComputer\.m2\repository\javax\activation\activation\1.1.1\activation-1.1.1.jar;C:\Users\AZComputer\.m2\repository\org\apache\curator\curator-recipes\2.13.0\curator-recipes-2.13.0.jar;C:\Users\AZComputer\.m2\repository\org\apache\zookeeper\zookeeper\3.6.2\zookeeper-3.6.2.jar;C:\Users\AZComputer\.m2\repository\commons-lang\commons-lang\2.6\commons-lang-2.6.jar;C:\Users\AZComputer\.m2\repository\org\apache\zookeeper\zookeeper-jute\3.6.2\zookeeper-jute-3.6.2.jar;C:\Users\AZComputer\.m2\repository\org\apache\yetus\audience-annotations\0.5.0\audience-annotations-0.5.0.jar;C:\Users\AZComputer\.m2\repository\jakarta\servlet\jakarta.servlet-api\4.0.3\jakarta.servlet-api-4.0.3.jar;C:\Users\AZComputer\.m2\repository\commons-codec\commons-codec\1.15\commons-codec-1.15.jar;C:\Users\AZComputer\.m2\repository\org\apache\commons\commons-lang3\3.12.0\commons-lang3-3.12.0.jar;C:\Users\AZComputer\.m2\repository\org\apache\commons\commons-math3\3.6.1\commons-math3-3.6.1.jar;C:\Users\AZComputer\.m2\repository\org\apache\commons\commons-text\1.9\commons-text-1.9.jar;C:\Users\AZComputer\.m2\repository\commons-io\commons-io\2.11.0\commons-io-2.11.0.jar;C:\Users\AZComputer\.m2\repository\commons-collections\commons-collections\3.2.2\commons-collections-3.2.2.jar;C:\Users\AZComputer\.m2\repository\org\apache\commons\commons-collections4\4.4\commons-collections4-4.4.jar;C:\Users\AZComputer\.m2\repository\com\google\code\findbugs\jsr305\3.0.0\jsr305-3.0.0.jar;C:\Users\AZComputer\.m2\repository\org\slf4j\slf4j-api\1.7.32\slf4j-api-1.7.32.jar;C:\Users\AZComputer\.m2\repository\org\slf4j\jul-to-slf4j\1.7.32\jul-to-slf4j-1.7.32.jar;C:\Users\AZComputer\.m2\repository\org\slf4j\jcl-over-slf4j\1.7.32\jcl-over-slf4j-1.7.32.jar;C:\Users\AZComputer\.m2\repository\org\apache\logging\log4j\log4j-slf4j-impl\2.17.2\log4j-slf4j-impl-2.17.2.jar;C:\Users\AZComputer\.m2\repository\org\apache\logging\log4j\log4j-api\2.17.2\log4j-api-2.17.2.jar;C:\Users\AZComputer\.m2\repository\org\apache\logging\log4j\log4j-core\2.17.2\log4j-core-2.17.2.jar;C:\Users\AZComputer\.m2\repository\org\apache\logging\log4j\log4j-1.2-api\2.17.2\log4j-1.2-api-2.17.2.jar;C:\Users\AZComputer\.m2\repository\com\ning\compress-lzf\1.1\compress-lzf-1.1.jar;C:\Users\AZComputer\.m2\repository\org\xerial\snappy\snappy-java\1.1.8.4\snappy-java-1.1.8.4.jar;C:\Users\AZComputer\.m2\repository\org\lz4\lz4-java\1.8.0\lz4-java-1.8.0.jar;C:\Users\AZComputer\.m2\repository\com\github\luben\zstd-jni\1.5.2-1\zstd-jni-1.5.2-1.jar;C:\Users\AZComputer\.m2\repository\org\roaringbitmap\RoaringBitmap\0.9.25\RoaringBitmap-0.9.25.jar;C:\Users\AZComputer\.m2\repository\org\roaringbitmap\shims\0.9.25\shims-0.9.25.jar;C:\Users\AZComputer\.m2\repository\org\scala-lang\modules\scala-xml_2.12\1.2.0\scala-xml_2.12-1.2.0.jar;C:\Users\AZComputer\.m2\repository\org\scala-lang\scala-reflect\2.12.15\scala-reflect-2.12.15.jar;C:\Users\AZComputer\.m2\repository\org\json4s\json4s-jackson_2.12\3.7.0-M11\json4s-jackson_2.12-3.7.0-M11.jar;C:\Users\AZComputer\.m2\repository\org\json4s\json4s-core_2.12\3.7.0-M11\json4s-core_2.12-3.7.0-M11.jar;C:\Users\AZComputer\.m2\repository\org\json4s\json4s-ast_2.12\3.7.0-M11\json4s-ast_2.12-3.7.0-M11.jar;C:\Users\AZComputer\.m2\repository\org\json4s\json4s-scalap_2.12\3.7.0-M11\json4s-scalap_2.12-3.7.0-M11.jar;C:\Users\AZComputer\.m2\repository\org\glassfish\jersey\core\jersey-client\2.34\jersey-client-2.34.jar;C:\Users\AZComputer\.m2\repository\jakarta\ws\rs\jakarta.ws.rs-api\2.1.6\jakarta.ws.rs-api-2.1.6.jar;C:\Users\AZComputer\.m2\repository\org\glassfish\hk2\external\jakarta.inject\2.6.1\jakarta.inject-2.6.1.jar;C:\Users\AZComputer\.m2\repository\org\glassfish\jersey\core\jersey-common\2.34\jersey-common-2.34.jar;C:\Users\AZComputer\.m2\repository\jakarta\annotation\jakarta.annotation-api\1.3.5\jakarta.annotation-api-1.3.5.jar;C:\Users\AZComputer\.m2\repository\org\glassfish\hk2\osgi-resource-locator\1.0.3\osgi-resource-locator-1.0.3.jar;C:\Users\AZComputer\.m2\repository\org\glassfish\jersey\core\jersey-server\2.34\jersey-server-2.34.jar;C:\Users\AZComputer\.m2\repository\jakarta\validation\jakarta.validation-api\2.0.2\jakarta.validation-api-2.0.2.jar;C:\Users\AZComputer\.m2\repository\org\glassfish\jersey\containers\jersey-container-servlet\2.34\jersey-container-servlet-2.34.jar;C:\Users\AZComputer\.m2\repository\org\glassfish\jersey\containers\jersey-container-servlet-core\2.34\jersey-container-servlet-core-2.34.jar;C:\Users\AZComputer\.m2\repository\org\glassfish\jersey\inject\jersey-hk2\2.34\jersey-hk2-2.34.jar;C:\Users\AZComputer\.m2\repository\org\glassfish\hk2\hk2-locator\2.6.1\hk2-locator-2.6.1.jar;C:\Users\AZComputer\.m2\repository\org\glassfish\hk2\external\aopalliance-repackaged\2.6.1\aopalliance-repackaged-2.6.1.jar;C:\Users\AZComputer\.m2\repository\org\glassfish\hk2\hk2-api\2.6.1\hk2-api-2.6.1.jar;C:\Users\AZComputer\.m2\repository\org\glassfish\hk2\hk2-utils\2.6.1\hk2-utils-2.6.1.jar;C:\Users\AZComputer\.m2\repository\org\javassist\javassist\3.25.0-GA\javassist-3.25.0-GA.jar;C:\Users\AZComputer\.m2\repository\io\netty\netty-all\4.1.74.Final\netty-all-4.1.74.Final.jar;C:\Users\AZComputer\.m2\repository\io\netty\netty-buffer\4.1.74.Final\netty-buffer-4.1.74.Final.jar;C:\Users\AZComputer\.m2\repository\io\netty\netty-codec\4.1.74.Final\netty-codec-4.1.74.Final.jar;C:\Users\AZComputer\.m2\repository\io\netty\netty-common\4.1.74.Final\netty-common-4.1.74.Final.jar;C:\Users\AZComputer\.m2\repository\io\netty\netty-handler\4.1.74.Final\netty-handler-4.1.74.Final.jar;C:\Users\AZComputer\.m2\repository\io\netty\netty-tcnative-classes\2.0.48.Final\netty-tcnative-classes-2.0.48.Final.jar;C:\Users\AZComputer\.m2\repository\io\netty\netty-resolver\4.1.74.Final\netty-resolver-4.1.74.Final.jar;C:\Users\AZComputer\.m2\repository\io\netty\netty-transport\4.1.74.Final\netty-transport-4.1.74.Final.jar;C:\Users\AZComputer\.m2\repository\io\netty\netty-transport-classes-epoll\4.1.74.Final\netty-transport-classes-epoll-4.1.74.Final.jar;C:\Users\AZComputer\.m2\repository\io\netty\netty-transport-native-unix-common\4.1.74.Final\netty-transport-native-unix-common-4.1.74.Final.jar;C:\Users\AZComputer\.m2\repository\io\netty\netty-transport-classes-kqueue\4.1.74.Final\netty-transport-classes-kqueue-4.1.74.Final.jar;C:\Users\AZComputer\.m2\repository\io\netty\netty-transport-native-epoll\4.1.74.Final\netty-transport-native-epoll-4.1.74.Final-linux-x86_64.jar;C:\Users\AZComputer\.m2\repository\io\netty\netty-transport-native-epoll\4.1.74.Final\netty-transport-native-epoll-4.1.74.Final-linux-aarch_64.jar;C:\Users\AZComputer\.m2\repository\io\netty\netty-transport-native-kqueue\4.1.74.Final\netty-transport-native-kqueue-4.1.74.Final-osx-x86_64.jar;C:\Users\AZComputer\.m2\repository\io\netty\netty-transport-native-kqueue\4.1.74.Final\netty-transport-native-kqueue-4.1.74.Final-osx-aarch_64.jar;C:\Users\AZComputer\.m2\repository\com\clearspring\analytics\stream\2.9.6\stream-2.9.6.jar;C:\Users\AZComputer\.m2\repository\io\dropwizard\metrics\metrics-core\4.2.7\metrics-core-4.2.7.jar;C:\Users\AZComputer\.m2\repository\io\dropwizard\metrics\metrics-jvm\4.2.7\metrics-jvm-4.2.7.jar;C:\Users\AZComputer\.m2\repository\io\dropwizard\metrics\metrics-json\4.2.7\metrics-json-4.2.7.jar;C:\Users\AZComputer\.m2\repository\io\dropwizard\metrics\metrics-graphite\4.2.7\metrics-graphite-4.2.7.jar;C:\Users\AZComputer\.m2\repository\io\dropwizard\metrics\metrics-jmx\4.2.7\metrics-jmx-4.2.7.jar;C:\Users\AZComputer\.m2\repository\com\fasterxml\jackson\core\jackson-databind\2.13.3\jackson-databind-2.13.3.jar;C:\Users\AZComputer\.m2\repository\com\fasterxml\jackson\module\jackson-module-scala_2.12\2.13.3\jackson-module-scala_2.12-2.13.3.jar;C:\Users\AZComputer\.m2\repository\com\thoughtworks\paranamer\paranamer\2.8\paranamer-2.8.jar;C:\Users\AZComputer\.m2\repository\org\apache\ivy\ivy\2.5.0\ivy-2.5.0.jar;C:\Users\AZComputer\.m2\repository\oro\oro\2.0.8\oro-2.0.8.jar;C:\Users\AZComputer\.m2\repository\net\razorvine\pickle\1.2\pickle-1.2.jar;C:\Users\AZComputer\.m2\repository\net\sf\py4j\py4j\0.10.9.5\py4j-0.10.9.5.jar;C:\Users\AZComputer\.m2\repository\org\apache\spark\spark-tags_2.12\3.3.0\spark-tags_2.12-3.3.0.jar;C:\Users\AZComputer\.m2\repository\org\apache\commons\commons-crypto\1.1.0\commons-crypto-1.1.0.jar;C:\Users\AZComputer\.m2\repository\org\spark-project\spark\unused\1.0.0\unused-1.0.0.jar;C:\Users\AZComputer\.m2\repository\org\apache\spark\spark-sql_2.12\3.3.0\spark-sql_2.12-3.3.0.jar;C:\Users\AZComputer\.m2\repository\org\rocksdb\rocksdbjni\6.20.3\rocksdbjni-6.20.3.jar;C:\Users\AZComputer\.m2\repository\com\univocity\univocity-parsers\2.9.1\univocity-parsers-2.9.1.jar;C:\Users\AZComputer\.m2\repository\org\apache\spark\spark-sketch_2.12\3.3.0\spark-sketch_2.12-3.3.0.jar;C:\Users\AZComputer\.m2\repository\org\apache\spark\spark-catalyst_2.12\3.3.0\spark-catalyst_2.12-3.3.0.jar;C:\Users\AZComputer\.m2\repository\org\scala-lang\modules\scala-parser-combinators_2.12\1.1.2\scala-parser-combinators_2.12-1.1.2.jar;C:\Users\AZComputer\.m2\repository\org\codehaus\janino\janino\3.0.16\janino-3.0.16.jar;C:\Users\AZComputer\.m2\repository\org\codehaus\janino\commons-compiler\3.0.16\commons-compiler-3.0.16.jar;C:\Users\AZComputer\.m2\repository\org\antlr\antlr4-runtime\4.8\antlr4-runtime-4.8.jar;C:\Users\AZComputer\.m2\repository\org\apache\arrow\arrow-vector\7.0.0\arrow-vector-7.0.0.jar;C:\Users\AZComputer\.m2\repository\org\apache\arrow\arrow-format\7.0.0\arrow-format-7.0.0.jar;C:\Users\AZComputer\.m2\repository\org\apache\arrow\arrow-memory-core\7.0.0\arrow-memory-core-7.0.0.jar;C:\Users\AZComputer\.m2\repository\com\google\flatbuffers\flatbuffers-java\1.12.0\flatbuffers-java-1.12.0.jar;C:\Users\AZComputer\.m2\repository\org\apache\arrow\arrow-memory-netty\7.0.0\arrow-memory-netty-7.0.0.jar;C:\Users\AZComputer\.m2\repository\org\apache\orc\orc-core\1.7.4\orc-core-1.7.4.jar;C:\Users\AZComputer\.m2\repository\org\apache\orc\orc-shims\1.7.4\orc-shims-1.7.4.jar;C:\Users\AZComputer\.m2\repository\com\google\protobuf\protobuf-java\2.5.0\protobuf-java-2.5.0.jar;C:\Users\AZComputer\.m2\repository\io\airlift\aircompressor\0.21\aircompressor-0.21.jar;C:\Users\AZComputer\.m2\repository\org\jetbrains\annotations\17.0.0\annotations-17.0.0.jar;C:\Users\AZComputer\.m2\repository\org\threeten\threeten-extra\1.5.0\threeten-extra-1.5.0.jar;C:\Users\AZComputer\.m2\repository\org\apache\orc\orc-mapreduce\1.7.4\orc-mapreduce-1.7.4.jar;C:\Users\AZComputer\.m2\repository\org\apache\hive\hive-storage-api\2.7.2\hive-storage-api-2.7.2.jar;C:\Users\AZComputer\.m2\repository\org\apache\parquet\parquet-column\1.12.2\parquet-column-1.12.2.jar;C:\Users\AZComputer\.m2\repository\org\apache\parquet\parquet-common\1.12.2\parquet-common-1.12.2.jar;C:\Users\AZComputer\.m2\repository\org\apache\parquet\parquet-encoding\1.12.2\parquet-encoding-1.12.2.jar;C:\Users\AZComputer\.m2\repository\org\apache\parquet\parquet-hadoop\1.12.2\parquet-hadoop-1.12.2.jar;C:\Users\AZComputer\.m2\repository\org\apache\parquet\parquet-format-structures\1.12.2\parquet-format-structures-1.12.2.jar;C:\Users\AZComputer\.m2\repository\org\apache\parquet\parquet-jackson\1.12.2\parquet-jackson-1.12.2.jar;C:\Users\AZComputer\.m2\repository\org\apache\hive\hive-jdbc\3.1.3\hive-jdbc-3.1.3.jar;C:\Users\AZComputer\.m2\repository\org\apache\hive\hive-common\3.1.3\hive-common-3.1.3.jar;C:\Users\AZComputer\.m2\repository\org\apache\hive\hive-classification\3.1.3\hive-classification-3.1.3.jar;C:\Users\AZComputer\.m2\repository\commons-cli\commons-cli\1.2\commons-cli-1.2.jar;C:\Users\AZComputer\.m2\repository\jline\jline\2.12\jline-2.12.jar;C:\Users\AZComputer\.m2\repository\javax\servlet\javax.servlet-api\3.1.0\javax.servlet-api-3.1.0.jar;C:\Users\AZComputer\.m2\repository\org\eclipse\jetty\jetty-http\9.3.20.v20170531\jetty-http-9.3.20.v20170531.jar;C:\Users\AZComputer\.m2\repository\org\eclipse\jetty\jetty-util\9.3.20.v20170531\jetty-util-9.3.20.v20170531.jar;C:\Users\AZComputer\.m2\repository\org\eclipse\jetty\jetty-rewrite\9.3.20.v20170531\jetty-rewrite-9.3.20.v20170531.jar;C:\Users\AZComputer\.m2\repository\org\eclipse\jetty\jetty-client\9.3.20.v20170531\jetty-client-9.3.20.v20170531.jar;C:\Users\AZComputer\.m2\repository\org\eclipse\jetty\jetty-server\9.3.20.v20170531\jetty-server-9.3.20.v20170531.jar;C:\Users\AZComputer\.m2\repository\org\eclipse\jetty\jetty-io\9.3.20.v20170531\jetty-io-9.3.20.v20170531.jar;C:\Users\AZComputer\.m2\repository\org\eclipse\jetty\jetty-servlet\9.3.20.v20170531\jetty-servlet-9.3.20.v20170531.jar;C:\Users\AZComputer\.m2\repository\org\eclipse\jetty\jetty-security\9.3.20.v20170531\jetty-security-9.3.20.v20170531.jar;C:\Users\AZComputer\.m2\repository\org\eclipse\jetty\jetty-webapp\9.3.20.v20170531\jetty-webapp-9.3.20.v20170531.jar;C:\Users\AZComputer\.m2\repository\org\eclipse\jetty\jetty-xml\9.3.20.v20170531\jetty-xml-9.3.20.v20170531.jar;C:\Users\AZComputer\.m2\repository\joda-time\joda-time\2.9.9\joda-time-2.9.9.jar;C:\Users\AZComputer\.m2\repository\org\apache\logging\log4j\log4j-web\2.17.1\log4j-web-2.17.1.jar;C:\Users\AZComputer\.m2\repository\org\apache\ant\ant\1.9.1\ant-1.9.1.jar;C:\Users\AZComputer\.m2\repository\org\apache\ant\ant-launcher\1.9.1\ant-launcher-1.9.1.jar;C:\Users\AZComputer\.m2\repository\net\sf\jpam\jpam\1.1\jpam-1.1.jar;C:\Users\AZComputer\.m2\repository\com\tdunning\json\1.8\json-1.8.jar;C:\Users\AZComputer\.m2\repository\com\github\joshelser\dropwizard-metrics-hadoop-metrics2-reporter\0.1.2\dropwizard-metrics-hadoop-metrics2-reporter-0.1.2.jar;C:\Users\AZComputer\.m2\repository\org\apache\hadoop\hadoop-common\2.6.0\hadoop-common-2.6.0.jar;C:\Users\AZComputer\.m2\repository\org\apache\hadoop\hadoop-annotations\2.6.0\hadoop-annotations-2.6.0.jar;C:\Program Files (x86)\Java\jdk1.8.0_341\jre\..\lib\tools.jar;C:\Users\AZComputer\.m2\repository\xmlenc\xmlenc\0.52\xmlenc-0.52.jar;C:\Users\AZComputer\.m2\repository\commons-httpclient\commons-httpclient\3.1\commons-httpclient-3.1.jar;C:\Users\AZComputer\.m2\repository\commons-net\commons-net\3.1\commons-net-3.1.jar;C:\Users\AZComputer\.m2\repository\javax\servlet\servlet-api\2.5\servlet-api-2.5.jar;C:\Users\AZComputer\.m2\repository\org\mortbay\jetty\jetty\6.1.26\jetty-6.1.26.jar;C:\Users\AZComputer\.m2\repository\org\mortbay\jetty\jetty-util\6.1.26\jetty-util-6.1.26.jar;C:\Users\AZComputer\.m2\repository\com\sun\jersey\jersey-core\1.9\jersey-core-1.9.jar;C:\Users\AZComputer\.m2\repository\com\sun\jersey\jersey-json\1.9\jersey-json-1.9.jar;C:\Users\AZComputer\.m2\repository\com\sun\xml\bind\jaxb-impl\2.2.3-1\jaxb-impl-2.2.3-1.jar;C:\Users\AZComputer\.m2\repository\org\codehaus\jackson\jackson-jaxrs\1.8.3\jackson-jaxrs-1.8.3.jar;C:\Users\AZComputer\.m2\repository\org\codehaus\jackson\jackson-xc\1.8.3\jackson-xc-1.8.3.jar;C:\Users\AZComputer\.m2\repository\com\sun\jersey\jersey-server\1.9\jersey-server-1.9.jar;C:\Users\AZComputer\.m2\repository\asm\asm\3.1\asm-3.1.jar;C:\Users\AZComputer\.m2\repository\tomcat\jasper-compiler\5.5.23\jasper-compiler-5.5.23.jar;C:\Users\AZComputer\.m2\repository\tomcat\jasper-runtime\5.5.23\jasper-runtime-5.5.23.jar;C:\Users\AZComputer\.m2\repository\javax\servlet\jsp\jsp-api\2.1\jsp-api-2.1.jar;C:\Users\AZComputer\.m2\repository\commons-el\commons-el\1.0\commons-el-1.0.jar;C:\Users\AZComputer\.m2\repository\log4j\log4j\1.2.17\log4j-1.2.17.jar;C:\Users\AZComputer\.m2\repository\net\java\dev\jets3t\jets3t\0.9.0\jets3t-0.9.0.jar;C:\Users\AZComputer\.m2\repository\com\jamesmurty\utils\java-xmlbuilder\0.4\java-xmlbuilder-0.4.jar;C:\Users\AZComputer\.m2\repository\commons-configuration\commons-configuration\1.6\commons-configuration-1.6.jar;C:\Users\AZComputer\.m2\repository\commons-digester\commons-digester\1.8\commons-digester-1.8.jar;C:\Users\AZComputer\.m2\repository\commons-beanutils\commons-beanutils\1.7.0\commons-beanutils-1.7.0.jar;C:\Users\AZComputer\.m2\repository\commons-beanutils\commons-beanutils-core\1.8.0\commons-beanutils-core-1.8.0.jar;C:\Users\AZComputer\.m2\repository\org\slf4j\slf4j-log4j12\1.7.5\slf4j-log4j12-1.7.5.jar;C:\Users\AZComputer\.m2\repository\org\codehaus\jackson\jackson-core-asl\1.9.13\jackson-core-asl-1.9.13.jar;C:\Users\AZComputer\.m2\repository\org\codehaus\jackson\jackson-mapper-asl\1.9.13\jackson-mapper-asl-1.9.13.jar;C:\Users\AZComputer\.m2\repository\com\jcraft\jsch\0.1.42\jsch-0.1.42.jar;C:\Users\AZComputer\.m2\repository\org\htrace\htrace-core\3.0.4\htrace-core-3.0.4.jar;C:\Users\AZComputer\.m2\repository\javolution\javolution\5.5.1\javolution-5.5.1.jar;C:\Users\AZComputer\.m2\repository\org\apache\hive\hive-service\3.1.3\hive-service-3.1.3.jar;C:\Users\AZComputer\.m2\repository\org\apache\hive\hive-llap-server\3.1.3\hive-llap-server-3.1.3.jar;C:\Users\AZComputer\.m2\repository\org\apache\hive\hive-llap-common\3.1.3\hive-llap-common-3.1.3.jar;C:\Users\AZComputer\.m2\repository\org\apache\hive\hive-llap-client\3.1.3\hive-llap-client-3.1.3.jar;C:\Users\AZComputer\.m2\repository\org\apache\hive\hive-llap-tez\3.1.3\hive-llap-tez-3.1.3.jar;C:\Users\AZComputer\.m2\repository\io\netty\netty\3.10.5.Final\netty-3.10.5.Final.jar;C:\Users\AZComputer\.m2\repository\org\codehaus\jettison\jettison\1.1\jettison-1.1.jar;C:\Users\AZComputer\.m2\repository\org\apache\hive\hive-llap-common\3.1.3\hive-llap-common-3.1.3-tests.jar;C:\Users\AZComputer\.m2\repository\org\apache\hbase\hbase-hadoop2-compat\2.0.0-alpha4\hbase-hadoop2-compat-2.0.0-alpha4.jar;C:\Users\AZComputer\.m2\repository\org\apache\hbase\hbase-metrics\2.0.0-alpha4\hbase-metrics-2.0.0-alpha4.jar;C:\Users\AZComputer\.m2\repository\org\apache\hbase\hbase-metrics-api\2.0.0-alpha4\hbase-metrics-api-2.0.0-alpha4.jar;C:\Users\AZComputer\.m2\repository\org\apache\hadoop\hadoop-mapreduce-client-core\2.7.1\hadoop-mapreduce-client-core-2.7.1.jar;C:\Users\AZComputer\.m2\repository\org\apache\hbase\hbase-server\2.0.0-alpha4\hbase-server-2.0.0-alpha4.jar;C:\Users\AZComputer\.m2\repository\org\apache\hbase\hbase-http\2.0.0-alpha4\hbase-http-2.0.0-alpha4.jar;C:\Users\AZComputer\.m2\repository\org\apache\hbase\hbase-procedure\2.0.0-alpha4\hbase-procedure-2.0.0-alpha4.jar;C:\Users\AZComputer\.m2\repository\org\apache\hbase\hbase-common\2.0.0-alpha4\hbase-common-2.0.0-alpha4-tests.jar;C:\Users\AZComputer\.m2\repository\org\apache\hbase\hbase-replication\2.0.0-alpha4\hbase-replication-2.0.0-alpha4.jar;C:\Users\AZComputer\.m2\repository\org\apache\hbase\hbase-prefix-tree\2.0.0-alpha4\hbase-prefix-tree-2.0.0-alpha4.jar;C:\Users\AZComputer\.m2\repository\org\glassfish\web\javax.servlet.jsp\2.3.2\javax.servlet.jsp-2.3.2.jar;C:\Users\AZComputer\.m2\repository\org\glassfish\javax.el\3.0.1-b12\javax.el-3.0.1-b12.jar;C:\Users\AZComputer\.m2\repository\javax\ws\rs\javax.ws.rs-api\2.0.1\javax.ws.rs-api-2.0.1.jar;C:\Users\AZComputer\.m2\repository\com\lmax\disruptor\3.3.6\disruptor-3.3.6.jar;C:\Users\AZComputer\.m2\repository\org\apache\hadoop\hadoop-distcp\2.7.1\hadoop-distcp-2.7.1.jar;C:\Users\AZComputer\.m2\repository\org\apache\hadoop\hadoop-client\2.7.1\hadoop-client-2.7.1.jar;C:\Users\AZComputer\.m2\repository\org\apache\hadoop\hadoop-mapreduce-client-app\2.7.1\hadoop-mapreduce-client-app-2.7.1.jar;C:\Users\AZComputer\.m2\repository\org\apache\hadoop\hadoop-mapreduce-client-common\2.7.1\hadoop-mapreduce-client-common-2.7.1.jar;C:\Users\AZComputer\.m2\repository\org\apache\hadoop\hadoop-yarn-client\2.7.1\hadoop-yarn-client-2.7.1.jar;C:\Users\AZComputer\.m2\repository\org\apache\hadoop\hadoop-mapreduce-client-shuffle\2.7.1\hadoop-mapreduce-client-shuffle-2.7.1.jar;C:\Users\AZComputer\.m2\repository\org\apache\hadoop\hadoop-mapreduce-client-jobclient\2.7.1\hadoop-mapreduce-client-jobclient-2.7.1.jar;C:\Users\AZComputer\.m2\repository\org\apache\hadoop\hadoop-hdfs\2.7.1\hadoop-hdfs-2.7.1.jar;C:\Users\AZComputer\.m2\repository\commons-daemon\commons-daemon\1.0.13\commons-daemon-1.0.13.jar;C:\Users\AZComputer\.m2\repository\xerces\xercesImpl\2.9.1\xercesImpl-2.9.1.jar;C:\Users\AZComputer\.m2\repository\xml-apis\xml-apis\1.3.04\xml-apis-1.3.04.jar;C:\Users\AZComputer\.m2\repository\org\apache\hbase\hbase-mapreduce\2.0.0-alpha4\hbase-mapreduce-2.0.0-alpha4.jar;C:\Users\AZComputer\.m2\repository\org\apache\hbase\hbase-common\2.0.0-alpha4\hbase-common-2.0.0-alpha4.jar;C:\Users\AZComputer\.m2\repository\com\github\stephenc\findbugs\findbugs-annotations\1.3.9-1\findbugs-annotations-1.3.9-1.jar;C:\Users\AZComputer\.m2\repository\org\apache\hbase\hbase-hadoop-compat\2.0.0-alpha4\hbase-hadoop-compat-2.0.0-alpha4.jar;C:\Users\AZComputer\.m2\repository\javax\servlet\jsp\javax.servlet.jsp-api\2.3.1\javax.servlet.jsp-api-2.3.1.jar;C:\Users\AZComputer\.m2\repository\org\eclipse\jetty\jetty-runner\9.3.20.v20170531\jetty-runner-9.3.20.v20170531.jar;C:\Users\AZComputer\.m2\repository\org\eclipse\jetty\jetty-plus\9.3.20.v20170531\jetty-plus-9.3.20.v20170531.jar;C:\Users\AZComputer\.m2\repository\org\eclipse\jetty\jetty-annotations\9.3.20.v20170531\jetty-annotations-9.3.20.v20170531.jar;C:\Users\AZComputer\.m2\repository\javax\annotation\javax.annotation-api\1.2\javax.annotation-api-1.2.jar;C:\Users\AZComputer\.m2\repository\org\ow2\asm\asm\5.0.1\asm-5.0.1.jar;C:\Users\AZComputer\.m2\repository\org\ow2\asm\asm-commons\5.0.1\asm-commons-5.0.1.jar;C:\Users\AZComputer\.m2\repository\org\ow2\asm\asm-tree\5.0.1\asm-tree-5.0.1.jar;C:\Users\AZComputer\.m2\repository\org\eclipse\jetty\jetty-jaas\9.3.20.v20170531\jetty-jaas-9.3.20.v20170531.jar;C:\Users\AZComputer\.m2\repository\org\eclipse\jetty\websocket\websocket-server\9.3.20.v20170531\websocket-server-9.3.20.v20170531.jar;C:\Users\AZComputer\.m2\repository\org\eclipse\jetty\websocket\websocket-common\9.3.20.v20170531\websocket-common-9.3.20.v20170531.jar;C:\Users\AZComputer\.m2\repository\org\eclipse\jetty\websocket\websocket-api\9.3.20.v20170531\websocket-api-9.3.20.v20170531.jar;C:\Users\AZComputer\.m2\repository\org\eclipse\jetty\websocket\websocket-client\9.3.20.v20170531\websocket-client-9.3.20.v20170531.jar;C:\Users\AZComputer\.m2\repository\org\eclipse\jetty\websocket\websocket-servlet\9.3.20.v20170531\websocket-servlet-9.3.20.v20170531.jar;C:\Users\AZComputer\.m2\repository\org\eclipse\jetty\jetty-jndi\9.3.20.v20170531\jetty-jndi-9.3.20.v20170531.jar;C:\Users\AZComputer\.m2\repository\org\eclipse\jetty\apache-jsp\9.3.20.v20170531\apache-jsp-9.3.20.v20170531.jar;C:\Users\AZComputer\.m2\repository\org\eclipse\jetty\toolchain\jetty-schemas\3.1\jetty-schemas-3.1.jar;C:\Users\AZComputer\.m2\repository\org\eclipse\jdt\core\compiler\ecj\4.4.2\ecj-4.4.2.jar;C:\Users\AZComputer\.m2\repository\org\eclipse\jetty\apache-jstl\9.3.20.v20170531\apache-jstl-9.3.20.v20170531.jar;C:\Users\AZComputer\.m2\repository\org\apache\taglibs\taglibs-standard-spec\1.2.5\taglibs-standard-spec-1.2.5.jar;C:\Users\AZComputer\.m2\repository\org\apache\taglibs\taglibs-standard-impl\1.2.5\taglibs-standard-impl-1.2.5.jar;C:\Users\AZComputer\.m2\repository\org\apache\thrift\libfb303\0.9.3\libfb303-0.9.3.jar;C:\Users\AZComputer\.m2\repository\org\jamon\jamon-runtime\2.3.1\jamon-runtime-2.3.1.jar;C:\Users\AZComputer\.m2\repository\org\apache\hive\hive-serde\3.1.3\hive-serde-3.1.3.jar;C:\Users\AZComputer\.m2\repository\com\carrotsearch\hppc\0.7.2\hppc-0.7.2.jar;C:\Users\AZComputer\.m2\repository\com\vlkan\flatbuffers\1.2.0-3f79e055\flatbuffers-1.2.0-3f79e055.jar;C:\Users\AZComputer\.m2\repository\net\sf\opencsv\opencsv\2.3\opencsv-2.3.jar;C:\Users\AZComputer\.m2\repository\org\apache\parquet\parquet-hadoop-bundle\1.10.0\parquet-hadoop-bundle-1.10.0.jar;C:\Users\AZComputer\.m2\repository\org\apache\hive\hive-metastore\3.1.3\hive-metastore-3.1.3.jar;C:\Users\AZComputer\.m2\repository\org\apache\hive\hive-standalone-metastore\3.1.3\hive-standalone-metastore-3.1.3.jar;C:\Users\AZComputer\.m2\repository\org\datanucleus\datanucleus-api-jdo\4.2.4\datanucleus-api-jdo-4.2.4.jar;C:\Users\AZComputer\.m2\repository\org\datanucleus\datanucleus-core\4.1.17\datanucleus-core-4.1.17.jar;C:\Users\AZComputer\.m2\repository\org\datanucleus\datanucleus-rdbms\4.1.19\datanucleus-rdbms-4.1.19.jar;C:\Users\AZComputer\.m2\repository\org\datanucleus\javax.jdo\3.2.0-m3\javax.jdo-3.2.0-m3.jar;C:\Users\AZComputer\.m2\repository\javax\transaction\transaction-api\1.1\transaction-api-1.1.jar;C:\Users\AZComputer\.m2\repository\sqlline\sqlline\1.3.0\sqlline-1.3.0.jar;C:\Users\AZComputer\.m2\repository\com\google\guava\guava\19.0\guava-19.0.jar;C:\Users\AZComputer\.m2\repository\org\apache\hbase\hbase-client\2.0.0-alpha4\hbase-client-2.0.0-alpha4.jar;C:\Users\AZComputer\.m2\repository\org\apache\hbase\thirdparty\hbase-shaded-protobuf\1.0.1\hbase-shaded-protobuf-1.0.1.jar;C:\Users\AZComputer\.m2\repository\org\apache\hbase\hbase-protocol-shaded\2.0.0-alpha4\hbase-protocol-shaded-2.0.0-alpha4.jar;C:\Users\AZComputer\.m2\repository\org\apache\hbase\hbase-protocol\2.0.0-alpha4\hbase-protocol-2.0.0-alpha4.jar;C:\Users\AZComputer\.m2\repository\org\apache\hbase\thirdparty\hbase-shaded-miscellaneous\1.0.1\hbase-shaded-miscellaneous-1.0.1.jar;C:\Users\AZComputer\.m2\repository\org\apache\hbase\thirdparty\hbase-shaded-netty\1.0.1\hbase-shaded-netty-1.0.1.jar;C:\Users\AZComputer\.m2\repository\org\apache\htrace\htrace-core\3.2.0-incubating\htrace-core-3.2.0-incubating.jar;C:\Users\AZComputer\.m2\repository\org\jruby\jcodings\jcodings\1.0.18\jcodings-1.0.18.jar;C:\Users\AZComputer\.m2\repository\org\jruby\joni\joni\2.1.11\joni-2.1.11.jar;C:\Users\AZComputer\.m2\repository\org\apache\hadoop\hadoop-auth\2.7.1\hadoop-auth-2.7.1.jar;C:\Users\AZComputer\.m2\repository\org\apache\directory\server\apacheds-kerberos-codec\2.0.0-M15\apacheds-kerberos-codec-2.0.0-M15.jar;C:\Users\AZComputer\.m2\repository\org\apache\directory\server\apacheds-i18n\2.0.0-M15\apacheds-i18n-2.0.0-M15.jar;C:\Users\AZComputer\.m2\repository\org\apache\directory\api\api-asn1-api\1.0.0-M20\api-asn1-api-1.0.0-M20.jar;C:\Users\AZComputer\.m2\repository\org\apache\directory\api\api-util\1.0.0-M20\api-util-1.0.0-M20.jar;C:\Users\AZComputer\.m2\repository\com\jolbox\bonecp\0.8.0.RELEASE\bonecp-0.8.0.RELEASE.jar;C:\Users\AZComputer\.m2\repository\com\zaxxer\HikariCP\2.6.1\HikariCP-2.6.1.jar;C:\Users\AZComputer\.m2\repository\org\apache\derby\derby\10.14.1.0\derby-10.14.1.0.jar;C:\Users\AZComputer\.m2\repository\commons-pool\commons-pool\1.5.4\commons-pool-1.5.4.jar;C:\Users\AZComputer\.m2\repository\commons-dbcp\commons-dbcp\1.4\commons-dbcp-1.4.jar;C:\Users\AZComputer\.m2\repository\javax\jdo\jdo-api\3.0.1\jdo-api-3.0.1.jar;C:\Users\AZComputer\.m2\repository\javax\transaction\jta\1.1\jta-1.1.jar;C:\Users\AZComputer\.m2\repository\org\antlr\antlr-runtime\3.5.2\antlr-runtime-3.5.2.jar;C:\Users\AZComputer\.m2\repository\co\cask\tephra\tephra-api\0.6.0\tephra-api-0.6.0.jar;C:\Users\AZComputer\.m2\repository\co\cask\tephra\tephra-core\0.6.0\tephra-core-0.6.0.jar;C:\Users\AZComputer\.m2\repository\com\google\inject\guice\3.0\guice-3.0.jar;C:\Users\AZComputer\.m2\repository\javax\inject\javax.inject\1\javax.inject-1.jar;C:\Users\AZComputer\.m2\repository\aopalliance\aopalliance\1.0\aopalliance-1.0.jar;C:\Users\AZComputer\.m2\repository\com\google\inject\extensions\guice-assistedinject\3.0\guice-assistedinject-3.0.jar;C:\Users\AZComputer\.m2\repository\it\unimi\dsi\fastutil\6.5.6\fastutil-6.5.6.jar;C:\Users\AZComputer\.m2\repository\org\apache\twill\twill-common\0.6.0-incubating\twill-common-0.6.0-incubating.jar;C:\Users\AZComputer\.m2\repository\org\apache\twill\twill-core\0.6.0-incubating\twill-core-0.6.0-incubating.jar;C:\Users\AZComputer\.m2\repository\org\apache\twill\twill-api\0.6.0-incubating\twill-api-0.6.0-incubating.jar;C:\Users\AZComputer\.m2\repository\org\apache\twill\twill-discovery-api\0.6.0-incubating\twill-discovery-api-0.6.0-incubating.jar;C:\Users\AZComputer\.m2\repository\org\apache\twill\twill-discovery-core\0.6.0-incubating\twill-discovery-core-0.6.0-incubating.jar;C:\Users\AZComputer\.m2\repository\org\apache\twill\twill-zookeeper\0.6.0-incubating\twill-zookeeper-0.6.0-incubating.jar;C:\Users\AZComputer\.m2\repository\co\cask\tephra\tephra-hbase-compat-1.0\0.6.0\tephra-hbase-compat-1.0-0.6.0.jar;C:\Users\AZComputer\.m2\repository\org\apache\hive\hive-shims\3.1.3\hive-shims-3.1.3.jar;C:\Users\AZComputer\.m2\repository\org\apache\hive\shims\hive-shims-common\3.1.3\hive-shims-common-3.1.3.jar;C:\Users\AZComputer\.m2\repository\org\apache\hive\shims\hive-shims-0.23\3.1.3\hive-shims-0.23-3.1.3.jar;C:\Users\AZComputer\.m2\repository\org\apache\hadoop\hadoop-yarn-server-resourcemanager\3.1.0\hadoop-yarn-server-resourcemanager-3.1.0.jar;C:\Users\AZComputer\.m2\repository\com\google\inject\extensions\guice-servlet\4.0\guice-servlet-4.0.jar;C:\Users\AZComputer\.m2\repository\com\sun\jersey\contribs\jersey-guice\1.19\jersey-guice-1.19.jar;C:\Users\AZComputer\.m2\repository\com\sun\jersey\jersey-servlet\1.19\jersey-servlet-1.19.jar;C:\Users\AZComputer\.m2\repository\org\apache\hadoop\hadoop-yarn-common\3.1.0\hadoop-yarn-common-3.1.0.jar;C:\Users\AZComputer\.m2\repository\com\fasterxml\jackson\module\jackson-module-jaxb-annotations\2.7.8\jackson-module-jaxb-annotations-2.7.8.jar;C:\Users\AZComputer\.m2\repository\com\fasterxml\jackson\jaxrs\jackson-jaxrs-json-provider\2.7.8\jackson-jaxrs-json-provider-2.7.8.jar;C:\Users\AZComputer\.m2\repository\com\fasterxml\jackson\jaxrs\jackson-jaxrs-base\2.7.8\jackson-jaxrs-base-2.7.8.jar;C:\Users\AZComputer\.m2\repository\org\apache\hadoop\hadoop-yarn-api\3.1.0\hadoop-yarn-api-3.1.0.jar;C:\Users\AZComputer\.m2\repository\javax\xml\bind\jaxb-api\2.2.11\jaxb-api-2.2.11.jar;C:\Users\AZComputer\.m2\repository\com\sun\jersey\jersey-client\1.19\jersey-client-1.19.jar;C:\Users\AZComputer\.m2\repository\org\eclipse\jetty\jetty-util-ajax\9.3.19.v20170502\jetty-util-ajax-9.3.19.v20170502.jar;C:\Users\AZComputer\.m2\repository\org\apache\hadoop\hadoop-yarn-server-common\3.1.0\hadoop-yarn-server-common-3.1.0.jar;C:\Users\AZComputer\.m2\repository\org\apache\hadoop\hadoop-yarn-registry\3.1.0\hadoop-yarn-registry-3.1.0.jar;C:\Users\AZComputer\.m2\repository\dnsjava\dnsjava\2.1.7\dnsjava-2.1.7.jar;C:\Users\AZComputer\.m2\repository\org\apache\geronimo\specs\geronimo-jcache_1.0_spec\1.0-alpha-1\geronimo-jcache_1.0_spec-1.0-alpha-1.jar;C:\Users\AZComputer\.m2\repository\org\ehcache\ehcache\3.3.1\ehcache-3.3.1.jar;C:\Users\AZComputer\.m2\repository\com\zaxxer\HikariCP-java7\2.4.12\HikariCP-java7-2.4.12.jar;C:\Users\AZComputer\.m2\repository\com\microsoft\sqlserver\mssql-jdbc\6.2.1.jre7\mssql-jdbc-6.2.1.jre7.jar;C:\Users\AZComputer\.m2\repository\org\apache\hadoop\hadoop-yarn-server-applicationhistoryservice\3.1.0\hadoop-yarn-server-applicationhistoryservice-3.1.0.jar;C:\Users\AZComputer\.m2\repository\de\ruedigermoeller\fst\2.50\fst-2.50.jar;C:\Users\AZComputer\.m2\repository\com\cedarsoftware\java-util\1.9.0\java-util-1.9.0.jar;C:\Users\AZComputer\.m2\repository\com\cedarsoftware\json-io\2.5.1\json-io-2.5.1.jar;C:\Users\AZComputer\.m2\repository\org\apache\hadoop\hadoop-yarn-server-web-proxy\3.1.0\hadoop-yarn-server-web-proxy-3.1.0.jar;C:\Users\AZComputer\.m2\repository\org\apache\hive\shims\hive-shims-scheduler\3.1.3\hive-shims-scheduler-3.1.3.jar;C:\Users\AZComputer\.m2\repository\org\apache\hive\hive-service-rpc\3.1.3\hive-service-rpc-3.1.3.jar;C:\Users\AZComputer\.m2\repository\org\apache\httpcomponents\httpclient\4.5.13\httpclient-4.5.13.jar;C:\Users\AZComputer\.m2\repository\org\apache\httpcomponents\httpcore\4.4.13\httpcore-4.4.13.jar;C:\Users\AZComputer\.m2\repository\org\apache\thrift\libthrift\0.9.3\libthrift-0.9.3.jar;C:\Users\AZComputer\.m2\repository\org\apache\curator\curator-framework\2.12.0\curator-framework-2.12.0.jar;C:\Users\AZComputer\.m2\repository\org\apache\curator\curator-client\2.12.0\curator-client-2.12.0.jar;C:\Users\AZComputer\.m2\repository\org\apache\hive\hive-upgrade-acid\3.1.3\hive-upgrade-acid-3.1.3.jar;C:\Users\AZComputer\.m2\repository\junit\junit\4.12\junit-4.12.jar;C:\Users\AZComputer\.m2\repository\org\hamcrest\hamcrest-core\1.3\hamcrest-core-1.3.jar;C:\Users\AZComputer\.m2\repository\org\scalatest\scalatest_2.12\3.0.5\scalatest_2.12-3.0.5.jar;C:\Users\AZComputer\.m2\repository\org\scalactic\scalactic_2.12\3.0.5\scalactic_2.12-3.0.5.jar;C:\Users\AZComputer\.m2\repository\org\specs2\specs2-core_2.12\4.2.0\specs2-core_2.12-4.2.0.jar;C:\Users\AZComputer\.m2\repository\org\specs2\specs2-matcher_2.12\4.2.0\specs2-matcher_2.12-4.2.0.jar;C:\Users\AZComputer\.m2\repository\org\specs2\specs2-common_2.12\4.2.0\specs2-common_2.12-4.2.0.jar;C:\Users\AZComputer\.m2\repository\org\specs2\specs2-fp_2.12\4.2.0\specs2-fp_2.12-4.2.0.jar;C:\Users\AZComputer\.m2\repository\org\scala-sbt\test-interface\1.0\test-interface-1.0.jar;C:\Users\AZComputer\.m2\repository\org\specs2\specs2-junit_2.12\4.2.0\specs2-junit_2.12-4.2.0.jar">
</property>
    <property name="java.vm.specification.version" value="1.8"/>
    <property name="sun.arch.data.model" value="32"/>
    <property 
    name="java.home" value="C:\Program Files (x86)\Java\jdk1.8.0_341\jre">
</property>
    <property 
    name="sun.java.command" value="org.scalatest.tools.Runner -R C:\Users\AZComputer\IdeaProjects\Hive\target\classes C:\Users\AZComputer\IdeaProjects\Hive\target\test-classes -j samples.AppTest -o -f C:\Users\AZComputer\IdeaProjects\Hive\target\surefire-reports\TestSuiteReport.txt -u C:\Users\AZComputer\IdeaProjects\Hive\target\surefire-reports\.">
</property>
    <property name="java.specification.vendor" value="Oracle Corporation"/>
    <property name="user.language" value="fr"/>
    <property name="awt.toolkit" value="sun.awt.windows.WToolkit"/>
    <property name="java.vm.info" value="mixed mode"/>
    <property name="java.version" value="1.8.0_341"/>
    <property 
    name="java.ext.dirs" value="C:\Program Files (x86)\Java\jdk1.8.0_341\jre\lib\ext;C:\Windows\Sun\Java\lib\ext">
</property>
    <property 
    name="sun.boot.class.path" value="C:\Program Files (x86)\Java\jdk1.8.0_341\jre\lib\resources.jar;C:\Program Files (x86)\Java\jdk1.8.0_341\jre\lib\rt.jar;C:\Program Files (x86)\Java\jdk1.8.0_341\jre\lib\jsse.jar;C:\Program Files (x86)\Java\jdk1.8.0_341\jre\lib\jce.jar;C:\Program Files (x86)\Java\jdk1.8.0_341\jre\lib\charsets.jar;C:\Program Files (x86)\Java\jdk1.8.0_341\jre\lib\jfr.jar;C:\Program Files (x86)\Java\jdk1.8.0_341\jre\classes">
</property>
    <property name="java.vendor" value="Oracle Corporation"/>
    <property name="file.separator" value="\"/>
    <property 
    name="java.vendor.url.bug" value="http://bugreport.sun.com/bugreport/">
</property>
    <property name="sun.cpu.endian" value="little"/>
    <property name="sun.io.unicode.encoding" value="UnicodeLittle"/>
    <property name="sun.desktop" value="windows"/>
    <property 
    name="sun.cpu.isalist" value="pentium_pro+mmx pentium_pro pentium+mmx pentium i486 i386 i86">
</property>
  </properties>
  <system-out><![CDATA[]]></system-out>
  <system-err><![CDATA[]]></system-err>
</testsuite>
